[2021-01-08 06:46:27.761] [exthost] [info] extension host started
[2021-01-08 06:46:28.657] [exthost] [info] extension host started
[2021-01-08 06:46:28.689] [exthost] [info] ExtensionService#_doActivateExtension HookyQR.beautify {"startup":true,"activationEvent":"*"}
[2021-01-08 06:46:28.689] [exthost] [info] ExtensionService#loadCommonJSModule C:\Users\suhas\.p2\pool\plugins\pack.core.win_3.6.0.201910290238\HookyQR.beautify-1.4.11\extension
[2021-01-08 06:46:28.776] [exthost] [info] ExtensionService#_doActivateExtension christian-kohler.path-intellisense {"startup":true,"activationEvent":"*"}
[2021-01-08 06:46:28.776] [exthost] [info] ExtensionService#loadCommonJSModule C:\Users\suhas\.p2\pool\plugins\pack.core.win_3.6.0.201910290238\christian-kohler.path-intellisense-1.4.2\out\src\extension
[2021-01-08 06:46:28.801] [exthost] [info] ExtensionService#_doActivateExtension dbaeumer.vscode-eslint {"startup":true,"activationEvent":"*"}
[2021-01-08 06:46:28.801] [exthost] [info] ExtensionService#loadCommonJSModule C:\Users\suhas\.p2\pool\plugins\pack.core.win_3.6.0.201910290238\dbaeumer.vscode-eslint-1.9.0\client\out\extension
[2021-01-08 06:46:28.851] [exthost] [info] ExtensionService#_doActivateExtension vscode.debug-auto-launch {"startup":true,"activationEvent":"*"}
[2021-01-08 06:46:28.851] [exthost] [info] ExtensionService#loadCommonJSModule c:\Users\suhas\.p2\pool\plugins\com.genuitec.eclipse.code.engine.app.win32.x86_64_3.6.0.201910290238\engine\resources\app\extensions\debug-auto-launch\dist\extension
[2021-01-08 06:46:28.855] [exthost] [info] ExtensionService#_doActivateExtension vscode.emmet {"startup":true,"activationEvent":"*"}
[2021-01-08 06:46:28.855] [exthost] [info] ExtensionService#loadCommonJSModule c:\Users\suhas\.p2\pool\plugins\com.genuitec.eclipse.code.engine.app.win32.x86_64_3.6.0.201910290238\engine\resources\app\extensions\emmet\dist\extension
[2021-01-08 06:46:28.875] [exthost] [info] ExtensionService#_doActivateExtension formulahendry.auto-close-tag {"startup":true,"activationEvent":"*"}
[2021-01-08 06:46:28.875] [exthost] [info] ExtensionService#loadCommonJSModule C:\Users\suhas\.p2\pool\plugins\pack.core.win_3.6.0.201910290238\formulahendry.auto-close-tag-0.5.6\out\src\extension
[2021-01-08 06:46:28.878] [exthost] [info] ExtensionService#_doActivateExtension vscode.grunt {"startup":false,"activationEvent":"onCommand:workbench.action.tasks.runTask"}
[2021-01-08 06:46:28.878] [exthost] [info] ExtensionService#loadCommonJSModule c:\Users\suhas\.p2\pool\plugins\com.genuitec.eclipse.code.engine.app.win32.x86_64_3.6.0.201910290238\engine\resources\app\extensions\grunt\dist\main
[2021-01-08 06:46:28.883] [exthost] [info] ExtensionService#_doActivateExtension vscode.gulp {"startup":false,"activationEvent":"onCommand:workbench.action.tasks.runTask"}
[2021-01-08 06:46:28.883] [exthost] [info] ExtensionService#loadCommonJSModule c:\Users\suhas\.p2\pool\plugins\com.genuitec.eclipse.code.engine.app.win32.x86_64_3.6.0.201910290238\engine\resources\app\extensions\gulp\dist\main
[2021-01-08 06:46:28.887] [exthost] [info] ExtensionService#_doActivateExtension vscode.jake {"startup":false,"activationEvent":"onCommand:workbench.action.tasks.runTask"}
[2021-01-08 06:46:28.887] [exthost] [info] ExtensionService#loadCommonJSModule c:\Users\suhas\.p2\pool\plugins\com.genuitec.eclipse.code.engine.app.win32.x86_64_3.6.0.201910290238\engine\resources\app\extensions\jake\dist\main
[2021-01-08 06:46:28.892] [exthost] [info] ExtensionService#_doActivateExtension vscode.npm {"startup":false,"activationEvent":"onCommand:workbench.action.tasks.runTask"}
[2021-01-08 06:46:28.892] [exthost] [info] ExtensionService#loadCommonJSModule c:\Users\suhas\.p2\pool\plugins\com.genuitec.eclipse.code.engine.app.win32.x86_64_3.6.0.201910290238\engine\resources\app\extensions\npm\dist\main
[2021-01-08 06:46:28.920] [exthost] [info] ExtensionService#_doActivateExtension vscode.typescript-language-features {"startup":false,"activationEvent":"onCommand:workbench.action.tasks.runTask"}
[2021-01-08 06:46:28.920] [exthost] [info] ExtensionService#loadCommonJSModule c:\Users\suhas\.p2\pool\plugins\com.genuitec.eclipse.code.engine.app.win32.x86_64_3.6.0.201910290238\engine\resources\app\extensions\typescript-language-features\dist\extension
[2021-01-08 06:46:29.009] [exthost] [info] eager extensions activated
