#
# There is insufficient memory for the Java Runtime Environment to continue.
# Native memory allocation (malloc) failed to allocate 134304 bytes for Chunk::new
# Possible reasons:
#   The system is out of physical RAM or swap space
#   The process is running with CompressedOops enabled, and the Java Heap may be blocking the growth of the native heap
# Possible solutions:
#   Reduce memory load on the system
#   Increase physical memory or swap space
#   Check if swap backing store is full
#   Decrease Java heap size (-Xmx/-Xms)
#   Decrease number of Java threads
#   Decrease Java thread stack sizes (-Xss)
#   Set larger code cache with -XX:ReservedCodeCacheSize=
#   JVM is running with Zero Based Compressed Oops mode in which the Java heap is
#     placed in the first 32GB address space. The Java Heap base address is the
#     maximum limit for the native heap growth. Please use -XX:HeapBaseMinAddress
#     to set the Java Heap base and to place the Java Heap above 32GB virtual address.
# This output file may be truncated or incomplete.
#
#  Out of Memory Error (allocation.cpp:389), pid=28492, tid=0x00000000000030e0
#
# JRE version: Java(TM) SE Runtime Environment (8.0_251-b08) (build 1.8.0_251-b08)
# Java VM: Java HotSpot(TM) 64-Bit Server VM (25.251-b08 mixed mode windows-amd64 compressed oops)
# Failed to write core dump. Minidumps are not enabled by default on client versions of Windows
#

---------------  T H R E A D  ---------------

Current thread (0x000000001e944000):  JavaThread "C2 CompilerThread1" daemon [_thread_in_native, id=12512, stack(0x000000001f310000,0x000000001f410000)]

Stack: [0x000000001f310000,0x000000001f410000]
[error occurred during error reporting (printing stack bounds), id 0xc0000005]

Native frames: (J=compiled Java code, j=interpreted, Vv=VM code, C=native code)


Current CompileTask:
C2:   1820  980       4       java.io.DataOutputStream::writeUTF (435 bytes)


---------------  P R O C E S S  ---------------

Java Threads: ( => current thread )
  0x000000001e9af000 JavaThread "Service Thread" daemon [_thread_blocked, id=4712, stack(0x000000001f610000,0x000000001f710000)]
  0x000000001e968000 JavaThread "C1 CompilerThread3" daemon [_thread_blocked, id=8140, stack(0x000000001f510000,0x000000001f610000)]
  0x000000001e948000 JavaThread "C2 CompilerThread2" daemon [_thread_blocked, id=17656, stack(0x000000001f410000,0x000000001f510000)]
=>0x000000001e944000 JavaThread "C2 CompilerThread1" daemon [_thread_in_native, id=12512, stack(0x000000001f310000,0x000000001f410000)]
  0x000000001e93d800 JavaThread "C2 CompilerThread0" daemon [_thread_blocked, id=23900, stack(0x000000001f210000,0x000000001f310000)]
  0x000000001e93b000 JavaThread "Attach Listener" daemon [_thread_blocked, id=5124, stack(0x000000001f110000,0x000000001f210000)]
  0x000000001e93a000 JavaThread "Signal Dispatcher" daemon [_thread_blocked, id=7048, stack(0x000000001f010000,0x000000001f110000)]
  0x000000001e931000 JavaThread "Finalizer" daemon [_thread_blocked, id=11484, stack(0x000000001ee10000,0x000000001ef10000)]
  0x000000001e930800 JavaThread "Reference Handler" daemon [_thread_blocked, id=9892, stack(0x000000001ed10000,0x000000001ee10000)]
  0x0000000003062800 JavaThread "main" [_thread_in_native, id=29656, stack(0x0000000002f60000,0x0000000003060000)]

Other Threads:
  0x000000001cb2a000 VMThread [stack: 0x000000001e810000,0x000000001e910000] [id=27716]
  0x000000001e9b1800 WatcherThread [stack: 0x000000001f710000,0x000000001f810000] [id=24540]

VM state:not at safepoint (normal execution)

VM Mutex/Monitor currently owned by a thread: None

heap address: 0x00000006c2200000, size: 4062 MB, Compressed Oops mode: Zero based, Oop shift amount: 3
Narrow klass base: 0x0000000000000000, Narrow klass shift: 3
Compressed class space size: 1073741824 Address: 0x00000007c0000000

Heap:
 PSYoungGen      total 75776K, used 59953K [0x000000076b600000, 0x0000000770a80000, 0x00000007c0000000)
  eden space 65024K, 92% used [0x000000076b600000,0x000000076f08c578,0x000000076f580000)
  from space 10752K, 0% used [0x0000000770000000,0x0000000770000000,0x0000000770a80000)
  to   space 10752K, 0% used [0x000000076f580000,0x000000076f580000,0x0000000770000000)
 ParOldGen       total 173568K, used 0K [0x00000006c2200000, 0x00000006ccb80000, 0x000000076b600000)
  object space 173568K, 0% used [0x00000006c2200000,0x00000006c2200000,0x00000006ccb80000)
 Metaspace       used 11501K, capacity 11666K, committed 11776K, reserved 1058816K
  class space    used 1404K, capacity 1507K, committed 1536K, reserved 1048576K

Card table byte_map: [0x0000000012520000,0x0000000012d10000] byte_map_base: 0x000000000ef0f000

Marking Bits: (ParMarkBitMap*) 0x000000005b6baf90
 Begin Bits: [0x0000000013a60000, 0x00000000179d8000)
 End Bits:   [0x00000000179d8000, 0x000000001b950000)

Polling page: 0x0000000001100000

CodeCache: size=245760Kb used=4268Kb max_used=4268Kb free=241491Kb
 bounds [0x0000000003160000, 0x0000000003590000, 0x0000000012160000]
 total_blobs=1400 nmethods=1061 adapters=251
 compilation: enabled

Compilation events (10 events):
Event: 1.705 Thread 0x000000001e968000 nmethod 981 0x000000000355cdd0 code [0x000000000355d080, 0x000000000355e348]
Event: 1.705 Thread 0x000000001e968000  982       3       sun.reflect.generics.parser.SignatureParser::parseTypeSig (13 bytes)
Event: 1.705 Thread 0x000000001e968000 nmethod 982 0x000000000355ed10 code [0x000000000355eea0, 0x000000000355f258]
Event: 1.706 Thread 0x000000001e93d800  983       4       java.lang.String::compareTo (78 bytes)
Event: 1.706 Thread 0x000000001e968000  984       1       com.google.inject.Key::hashCode (5 bytes)
Event: 1.707 Thread 0x000000001e968000 nmethod 984 0x000000000355f3d0 code [0x000000000355f520, 0x000000000355f630]
Event: 1.708 Thread 0x000000001e93d800 nmethod 983 0x0000000003562410 code [0x0000000003562560, 0x00000000035626d8]
Event: 1.711 Thread 0x000000001e968000  985       3       com.google.inject.internal.Errors::size (27 bytes)
Event: 1.712 Thread 0x000000001e968000 nmethod 985 0x0000000003561f50 code [0x00000000035620c0, 0x0000000003562348]
Event: 1.712 Thread 0x000000001e968000  986       3       com.google.common.collect.ImmutableList::asImmutableList (18 bytes)

GC Heap History (0 events):
No events

Deoptimization events (8 events):
Event: 1.337 Thread 0x0000000003062800 Uncommon trap: reason=unstable_if action=reinterpret pc=0x00000000033742a8 method=org.codehaus.plexus.util.xml.pull.MXParser.more()C @ 8
Event: 1.367 Thread 0x0000000003062800 Uncommon trap: reason=unstable_if action=reinterpret pc=0x0000000003450d98 method=java.nio.charset.CoderResult.isOverflow()Z @ 5
Event: 1.408 Thread 0x0000000003062800 Uncommon trap: reason=unstable_if action=reinterpret pc=0x00000000034597f0 method=sun.nio.cs.StreamDecoder.implRead([CII)I @ 197
Event: 1.413 Thread 0x0000000003062800 Uncommon trap: reason=unstable_if action=reinterpret pc=0x0000000003466ebc method=sun.nio.cs.StreamDecoder.implRead([CII)I @ 197
Event: 1.423 Thread 0x0000000003062800 Uncommon trap: reason=unstable_if action=reinterpret pc=0x00000000034602fc method=sun.nio.cs.StreamDecoder.implRead([CII)I @ 197
Event: 1.427 Thread 0x0000000003062800 Uncommon trap: reason=unstable_if action=reinterpret pc=0x0000000003482f30 method=sun.nio.cs.StreamDecoder.implRead([CII)I @ 197
Event: 1.427 Thread 0x0000000003062800 Uncommon trap: reason=unstable_if action=reinterpret pc=0x0000000003454bb0 method=org.codehaus.plexus.util.xml.pull.MXParser.nextImpl()I @ 241
Event: 1.509 Thread 0x0000000003062800 Uncommon trap: reason=range_check action=make_not_entrant pc=0x00000000034e3ea8 method=sun.reflect.generics.parser.SignatureParser.current()C @ 34

Classes redefined (0 events):
No events

Internal exceptions (10 events):
Event: 0.257 Thread 0x0000000003062800 Exception <a 'java/security/PrivilegedActionException'> (0x000000076ba45588) thrown at [C:\jenkins\workspace\8-2-build-windows-amd64-cygwin\jdk8u251\737\hotspot\src\share\vm\prims\jvm.cpp, line 1502]
Event: 0.258 Thread 0x0000000003062800 Exception <a 'java/security/PrivilegedActionException'> (0x000000076ba49680) thrown at [C:\jenkins\workspace\8-2-build-windows-amd64-cygwin\jdk8u251\737\hotspot\src\share\vm\prims\jvm.cpp, line 1502]
Event: 0.258 Thread 0x0000000003062800 Exception <a 'java/security/PrivilegedActionException'> (0x000000076ba49890) thrown at [C:\jenkins\workspace\8-2-build-windows-amd64-cygwin\jdk8u251\737\hotspot\src\share\vm\prims\jvm.cpp, line 1502]
Event: 1.320 Thread 0x0000000003062800 Exception <a 'java/lang/ArrayIndexOutOfBoundsException'> (0x000000076cc5f4e8) thrown at [C:\jenkins\workspace\8-2-build-windows-amd64-cygwin\jdk8u251\737\hotspot\src\share\vm\runtime\sharedRuntime.cpp, line 605]
Event: 1.323 Thread 0x0000000003062800 Exception <a 'java/lang/ArrayIndexOutOfBoundsException'> (0x000000076cc82278) thrown at [C:\jenkins\workspace\8-2-build-windows-amd64-cygwin\jdk8u251\737\hotspot\src\share\vm\runtime\sharedRuntime.cpp, line 605]
Event: 1.328 Thread 0x0000000003062800 Exception <a 'java/lang/ArrayIndexOutOfBoundsException'> (0x000000076ccc4888) thrown at [C:\jenkins\workspace\8-2-build-windows-amd64-cygwin\jdk8u251\737\hotspot\src\share\vm\runtime\sharedRuntime.cpp, line 605]
Event: 1.456 Thread 0x0000000003062800 Exception <a 'java/lang/ArrayIndexOutOfBoundsException'> (0x000000076d71bfe8) thrown at [C:\jenkins\workspace\8-2-build-windows-amd64-cygwin\jdk8u251\737\hotspot\src\share\vm\runtime\sharedRuntime.cpp, line 605]
Event: 1.457 Thread 0x0000000003062800 Exception <a 'java/lang/ArrayIndexOutOfBoundsException'> (0x000000076d71db78) thrown at [C:\jenkins\workspace\8-2-build-windows-amd64-cygwin\jdk8u251\737\hotspot\src\share\vm\runtime\sharedRuntime.cpp, line 605]
Event: 1.499 Thread 0x0000000003062800 Exception <a 'java/lang/ArrayIndexOutOfBoundsException'> (0x000000076d956468) thrown at [C:\jenkins\workspace\8-2-build-windows-amd64-cygwin\jdk8u251\737\hotspot\src\share\vm\runtime\sharedRuntime.cpp, line 605]
Event: 1.509 Thread 0x0000000003062800 Exception <a 'java/lang/ArrayIndexOutOfBoundsException': 66> (0x000000076d9f8a18) thrown at [C:\jenkins\workspace\8-2-build-windows-amd64-cygwin\jdk8u251\737\hotspot\src\share\vm\interpreter\interpreterRuntime.cpp, line 368]

Events (10 events):
Event: 1.710 loading class org/apache/maven/artifact/versioning/OverConstrainedVersionException
Event: 1.710 loading class org/apache/maven/artifact/versioning/OverConstrainedVersionException done
Event: 1.710 loading class org/apache/maven/artifact/resolver/ResolutionNode
Event: 1.710 loading class org/apache/maven/artifact/resolver/ResolutionNode done
Event: 1.711 loading class org/apache/maven/plugin/internal/DefaultLegacySupport
Event: 1.711 loading class org/apache/maven/plugin/internal/DefaultLegacySupport done
Event: 1.711 loading class org/apache/maven/execution/DefaultRuntimeInformation
Event: 1.711 loading class org/apache/maven/execution/DefaultRuntimeInformation done
Event: 1.712 loading class org/apache/maven/lifecycle/DefaultLifecycleExecutor
Event: 1.712 loading class org/apache/maven/lifecycle/DefaultLifecycleExecutor done


Dynamic libraries:
0x00007ff730af0000 - 0x00007ff730b27000 	C:\Program Files\Java\jdk1.8.0_251\bin\javaw.exe
0x00007fffc76a0000 - 0x00007fffc7890000 	C:\WINDOWS\SYSTEM32\ntdll.dll
0x00007fff86900000 - 0x00007fff86912000 	C:\Program Files\Avast Software\Avast\aswhook.dll
0x00007fffc5a00000 - 0x00007fffc5ab2000 	C:\WINDOWS\System32\KERNEL32.DLL
0x00007fffc51b0000 - 0x00007fffc5455000 	C:\WINDOWS\System32\KERNELBASE.dll
0x00007fffc5b70000 - 0x00007fffc5c13000 	C:\WINDOWS\System32\ADVAPI32.dll
0x00007fffc6130000 - 0x00007fffc61ce000 	C:\WINDOWS\System32\msvcrt.dll
0x00007fffc6200000 - 0x00007fffc6297000 	C:\WINDOWS\System32\sechost.dll
0x00007fffc6920000 - 0x00007fffc6a3f000 	C:\WINDOWS\System32\RPCRT4.dll
0x00007fffc5750000 - 0x00007fffc58e4000 	C:\WINDOWS\System32\USER32.dll
0x00007fffc4760000 - 0x00007fffc4781000 	C:\WINDOWS\System32\win32u.dll
0x00007fffc61d0000 - 0x00007fffc61f6000 	C:\WINDOWS\System32\GDI32.dll
0x00007fffc4790000 - 0x00007fffc4928000 	C:\WINDOWS\System32\gdi32full.dll
0x00007fffc4610000 - 0x00007fffc46ae000 	C:\WINDOWS\System32\msvcp_win.dll
0x00007fffc50b0000 - 0x00007fffc51aa000 	C:\WINDOWS\System32\ucrtbase.dll
0x00007fffb1fd0000 - 0x00007fffb2254000 	C:\WINDOWS\WinSxS\amd64_microsoft.windows.common-controls_6595b64144ccf1df_6.0.18362.1440_none_9e7dbfb9e45e8e67\COMCTL32.dll
0x00007fffc6a70000 - 0x00007fffc6da6000 	C:\WINDOWS\System32\combase.dll
0x00007fffc5540000 - 0x00007fffc55c1000 	C:\WINDOWS\System32\bcryptPrimitives.dll
0x00007fffc5de0000 - 0x00007fffc5e0e000 	C:\WINDOWS\System32\IMM32.DLL
0x000000005b740000 - 0x000000005b812000 	C:\Program Files\Java\jdk1.8.0_251\jre\bin\msvcr100.dll
0x000000005ae90000 - 0x000000005b73b000 	C:\Program Files\Java\jdk1.8.0_251\jre\bin\server\jvm.dll
0x00007fffc5dd0000 - 0x00007fffc5dd8000 	C:\WINDOWS\System32\PSAPI.DLL
0x00007fffc22f0000 - 0x00007fffc2314000 	C:\WINDOWS\SYSTEM32\WINMM.dll
0x00007fffb0e20000 - 0x00007fffb0e29000 	C:\WINDOWS\SYSTEM32\WSOCK32.dll
0x00007fffbbc10000 - 0x00007fffbbc1a000 	C:\WINDOWS\SYSTEM32\VERSION.dll
0x00007fffc67e0000 - 0x00007fffc684f000 	C:\WINDOWS\System32\WS2_32.dll
0x00007fffc22c0000 - 0x00007fffc22ed000 	C:\WINDOWS\SYSTEM32\WINMMBASE.dll
0x00007fffc5490000 - 0x00007fffc54da000 	C:\WINDOWS\System32\cfgmgr32.dll
0x00007fffc0a90000 - 0x00007fffc0a9f000 	C:\Program Files\Java\jdk1.8.0_251\jre\bin\verify.dll
0x00007fffc0a60000 - 0x00007fffc0a89000 	C:\Program Files\Java\jdk1.8.0_251\jre\bin\java.dll
0x00007fffc0a40000 - 0x00007fffc0a56000 	C:\Program Files\Java\jdk1.8.0_251\jre\bin\zip.dll
0x00007fffc6ef0000 - 0x00007fffc75d8000 	C:\WINDOWS\System32\SHELL32.dll
0x00007fffc5ac0000 - 0x00007fffc5b67000 	C:\WINDOWS\System32\shcore.dll
0x00007fffc4930000 - 0x00007fffc50ab000 	C:\WINDOWS\System32\windows.storage.dll
0x00007fffc4580000 - 0x00007fffc459e000 	C:\WINDOWS\System32\profapi.dll
0x00007fffc45a0000 - 0x00007fffc45ea000 	C:\WINDOWS\System32\powrprof.dll
0x00007fffc4550000 - 0x00007fffc4560000 	C:\WINDOWS\System32\UMPDC.dll
0x00007fffc58f0000 - 0x00007fffc5942000 	C:\WINDOWS\System32\shlwapi.dll
0x00007fffc4560000 - 0x00007fffc4571000 	C:\WINDOWS\System32\kernel.appcore.dll
0x00007fffc5730000 - 0x00007fffc5747000 	C:\WINDOWS\System32\cryptsp.dll
0x00007fffc3910000 - 0x00007fffc3943000 	C:\WINDOWS\system32\rsaenh.dll
0x00007fffc5460000 - 0x00007fffc5486000 	C:\WINDOWS\System32\bcrypt.dll
0x00007fffc4470000 - 0x00007fffc4495000 	C:\WINDOWS\SYSTEM32\USERENV.dll
0x00007fffc3f60000 - 0x00007fffc3f6c000 	C:\WINDOWS\SYSTEM32\CRYPTBASE.dll
0x00007fffbf8a0000 - 0x00007fffbf8ba000 	C:\Program Files\Java\jdk1.8.0_251\jre\bin\net.dll
0x00007fffc3d90000 - 0x00007fffc3df7000 	C:\WINDOWS\system32\mswsock.dll
0x00007fffc3aa0000 - 0x00007fffc3ada000 	C:\WINDOWS\SYSTEM32\IPHLPAPI.DLL
0x00007fffc6a60000 - 0x00007fffc6a68000 	C:\WINDOWS\System32\NSI.dll
0x00007fffba9a0000 - 0x00007fffba9b6000 	C:\WINDOWS\SYSTEM32\dhcpcsvc6.DLL
0x00007fffb98c0000 - 0x00007fffb98dc000 	C:\WINDOWS\SYSTEM32\dhcpcsvc.DLL
0x00007fffc3ae0000 - 0x00007fffc3bab000 	C:\WINDOWS\SYSTEM32\DNSAPI.dll
0x00007fffb5e90000 - 0x00007fffb5ea2000 	C:\Program Files\Java\jdk1.8.0_251\jre\bin\nio.dll
0x00007fffc0a20000 - 0x00007fffc0a2a000 	C:\Users\suhas\AppData\Local\Temp\jansi-1.17.1-2993751334605728574.dll
0x00007fffbf430000 - 0x00007fffbf43a000 	C:\Users\suhas\AppData\Local\Temp\jansi-1.17.1-4358313543600523659.dll

VM Arguments:
jvm_args: -Dmaven.home=EMBEDDED -Dclassworlds.conf=I:\CodeRepositoryv1-masterv1g3\.metadata\.plugins\org.eclipse.m2e.launching\launches\m2conf4407092175441715158.tmp -Dmaven.multiModuleProjectDirectory=I:\CodeRepositoryv1-masterv1g3\PersonaSyncServerPublisherAnalyticSegmentsv1v2 -Dfile.encoding=Cp1252 
java_command: org.codehaus.plexus.classworlds.launcher.Launcher -B -Dmaven.test.skip=true -DskipTests clean install
java_class_path (initial): C:\Users\suhas\.p2\pool\plugins\org.eclipse.m2e.maven.runtime_1.13.0.20190716-1623\jars\plexus-classworlds-2.6.0.jar
Launcher Type: SUN_STANDARD

Environment Variables:
PATH=C:/Program Files/Java/jre1.8.0_251/bin/server;C:/Program Files/Java/jre1.8.0_251/bin;C:/Program Files/Java/jre1.8.0_251/lib/amd64;C:\Program Files\Common Files\Oracle\Java\javapath;C:\Program Files\NVIDIA GPU Computing Toolkit\CUDA\v11.1\bin;C:\Program Files\NVIDIA GPU Computing Toolkit\CUDA\v11.1\libnvvp;C:\ProgramData\Oracle\Java\javapath;C:\Program Files (x86)\Common Files\Oracle\Java\javapath;C:\Windows\system32;C:\Windows;C:\Windows\System32\Wbem;C:\Windows\System32\WindowsPowerShell\v1.0\;C:\Program Files (x86)\NVIDIA Corporation\PhysX\Common;C:\WINDOWS\system32;C:\WINDOWS;C:\WINDOWS\System32\Wbem;C:\WINDOWS\System32\WindowsPowerShell\v1.0\;C:\WINDOWS\System32\OpenSSH\;C:\Program Files\Java\scripts;C:\Program Files\nodejs\;C:\Program Files\NVIDIA Corporation\Nsight Compute 2020.2.0\;C:\Program Files\NVIDIA Corporation\NVIDIA NvDLISR;C:\Program Files\Git\cmd;C:\Program Files\dotnet\;C:\Program Files (x86)\dotnet\;C:\ProgramData\Oracle\Java\javapath;C:\Program Files (x86)\Common Files\Oracle\Java\javapath;C:\Windows\system32;C:\Windows;C:\Windows\System32\Wbem;C:\Windows\System32\WindowsPowerShell\v1.0\;C:\Program Files (x86)\NVIDIA Corporation\PhysX\Common;C:\WINDOWS\system32;C:\WINDOWS;C:\WINDOWS\System32\Wbem;C:\WINDOWS\System32\WindowsPowerShell\v1.0\;C:\WINDOWS\System32\OpenSSH\;C:\Program Files\Java\scripts;C:\Program Files\nodejs\;C:\Users\suhas\AppData\Local\Microsoft\WindowsApps;C:\Users\suhas\AppData\Roaming\npm;C:\Users\suhas\AppData\Local\GitHubDesktop\bin;C:\Program Files\JetBrains\PyCharm 2020.2\bin;C:\Users\suhas\AppData\Local\Programs\Python\Python38;C:\Users\suhas\AppData\Local\Programs\Python\Python38\Scripts;C:\Program Files\NVIDIA GPU Computing Toolkit\CUDA\v11.1\bin;C:\Program Files\NVIDIA GPU Computing Toolkit\CUDA\v11.1\libnvvp;C:\GNUstep\GNUstep\System\Tools;C:\GNUstep\bin;C:\GNUstep\bin;C:\Users\suhas\.dotnet\tools;C:\WINDOWS\system32;
USERNAME=suhas
OS=Windows_NT
PROCESSOR_IDENTIFIER=Intel64 Family 6 Model 158 Stepping 9, GenuineIntel



---------------  S Y S T E M  ---------------

OS: Windows 10.0 , 64 bit Build 18362 (10.0.18362.1350)

CPU:total 8 (initial active 8) (4 cores per cpu, 2 threads per core) family 6 model 158 stepping 9, cmov, cx8, fxsr, mmx, sse, sse2, sse3, ssse3, sse4.1, sse4.2, popcnt, avx, avx2, aes, clmul, erms, 3dnowpref, lzcnt, ht, tsc, tscinvbit, bmi1, bmi2, adx

Memory: 4k page, physical 16634020k(2832464k free), swap 35146596k(4228k free)

vm_info: Java HotSpot(TM) 64-Bit Server VM (25.251-b08) for windows-amd64 JRE (1.8.0_251-b08), built on Mar 12 2020 06:31:49 by "" with MS VC++ 10.0 (VS2010)

time: Thu Mar 25 23:16:02 2021
timezone: India Standard Time
elapsed time: 1 seconds (0d 0h 0m 1s)

