#
# There is insufficient memory for the Java Runtime Environment to continue.
# Native memory allocation (malloc) failed to allocate 323376 bytes for Chunk::new
# Possible reasons:
#   The system is out of physical RAM or swap space
#   The process is running with CompressedOops enabled, and the Java Heap may be blocking the growth of the native heap
# Possible solutions:
#   Reduce memory load on the system
#   Increase physical memory or swap space
#   Check if swap backing store is full
#   Decrease Java heap size (-Xmx/-Xms)
#   Decrease number of Java threads
#   Decrease Java thread stack sizes (-Xss)
#   Set larger code cache with -XX:ReservedCodeCacheSize=
#   JVM is running with Zero Based Compressed Oops mode in which the Java heap is
#     placed in the first 32GB address space. The Java Heap base address is the
#     maximum limit for the native heap growth. Please use -XX:HeapBaseMinAddress
#     to set the Java Heap base and to place the Java Heap above 32GB virtual address.
# This output file may be truncated or incomplete.
#
#  Out of Memory Error (allocation.cpp:389), pid=4996, tid=0x0000000000000d3c
#
# JRE version: Java(TM) SE Runtime Environment (8.0_251-b08) (build 1.8.0_251-b08)
# Java VM: Java HotSpot(TM) 64-Bit Server VM (25.251-b08 mixed mode windows-amd64 compressed oops)
# Failed to write core dump. Minidumps are not enabled by default on client versions of Windows
#

---------------  T H R E A D  ---------------

Current thread (0x000000001e1ed800):  JavaThread "C2 CompilerThread0" daemon [_thread_in_native, id=3388, stack(0x000000001eac0000,0x000000001ebc0000)]

Stack: [0x000000001eac0000,0x000000001ebc0000]
[error occurred during error reporting (printing stack bounds), id 0xc0000005]

Native frames: (J=compiled Java code, j=interpreted, Vv=VM code, C=native code)


Current CompileTask:
C2:    896  278       4       java.io.WinNTFileSystem::normalize (143 bytes)


---------------  P R O C E S S  ---------------

Java Threads: ( => current thread )
  0x000000001e28b800 JavaThread "Service Thread" daemon [_thread_blocked, id=18416, stack(0x000000001eec0000,0x000000001efc0000)]
  0x000000001e204000 JavaThread "C1 CompilerThread3" daemon [_thread_in_vm, id=18212, stack(0x000000001edc0000,0x000000001eec0000)]
  0x000000001e1f8800 JavaThread "C2 CompilerThread2" daemon [_thread_blocked, id=17744, stack(0x000000001ecc0000,0x000000001edc0000)]
  0x000000001e1f4000 JavaThread "C2 CompilerThread1" daemon [_thread_in_native, id=14300, stack(0x000000001ebc0000,0x000000001ecc0000)]
=>0x000000001e1ed800 JavaThread "C2 CompilerThread0" daemon [_thread_in_native, id=3388, stack(0x000000001eac0000,0x000000001ebc0000)]
  0x000000001e1eb000 JavaThread "Attach Listener" daemon [_thread_blocked, id=11012, stack(0x000000001e9c0000,0x000000001eac0000)]
  0x000000001e1e8800 JavaThread "Signal Dispatcher" daemon [_thread_blocked, id=18776, stack(0x000000001e8c0000,0x000000001e9c0000)]
  0x000000001e1e1800 JavaThread "Finalizer" daemon [_thread_blocked, id=17504, stack(0x000000001e6c0000,0x000000001e7c0000)]
  0x000000001e1e0800 JavaThread "Reference Handler" daemon [_thread_blocked, id=30808, stack(0x000000001e5c0000,0x000000001e6c0000)]
  0x0000000002922800 JavaThread "main" [_thread_in_native, id=22140, stack(0x0000000002760000,0x0000000002860000)]

Other Threads:
  0x000000001c3e9800 VMThread [stack: 0x000000001e0c0000,0x000000001e1c0000] [id=23412]
  0x000000001e25d000 WatcherThread [stack: 0x000000001efc0000,0x000000001f0c0000] [id=25716]

VM state:not at safepoint (normal execution)

VM Mutex/Monitor currently owned by a thread: None

heap address: 0x00000006c2200000, size: 4062 MB, Compressed Oops mode: Zero based, Oop shift amount: 3
Narrow klass base: 0x0000000000000000, Narrow klass shift: 3
Compressed class space size: 1073741824 Address: 0x00000007c0000000

Heap:
 PSYoungGen      total 75776K, used 6550K [0x000000076b600000, 0x0000000770a80000, 0x00000007c0000000)
  eden space 65024K, 10% used [0x000000076b600000,0x000000076bc65b00,0x000000076f580000)
  from space 10752K, 0% used [0x0000000770000000,0x0000000770000000,0x0000000770a80000)
  to   space 10752K, 0% used [0x000000076f580000,0x000000076f580000,0x0000000770000000)
 ParOldGen       total 173568K, used 0K [0x00000006c2200000, 0x00000006ccb80000, 0x000000076b600000)
  object space 173568K, 0% used [0x00000006c2200000,0x00000006c2200000,0x00000006ccb80000)
 Metaspace       used 4200K, capacity 4940K, committed 5120K, reserved 1056768K
  class space    used 456K, capacity 504K, committed 512K, reserved 1048576K

Card table byte_map: [0x0000000011de0000,0x00000000125d0000] byte_map_base: 0x000000000e7cf000

Marking Bits: (ParMarkBitMap*) 0x000000005bdcaf90
 Begin Bits: [0x0000000013320000, 0x0000000017298000)
 End Bits:   [0x0000000017298000, 0x000000001b210000)

Polling page: 0x0000000000e50000

CodeCache: size=245760Kb used=1773Kb max_used=1773Kb free=243986Kb
 bounds [0x0000000002a20000, 0x0000000002c90000, 0x0000000011a20000]
 total_blobs=561 nmethods=283 adapters=191
 compilation: enabled

Compilation events (10 events):
Event: 0.880 Thread 0x000000001e204000  275       3       java.lang.ClassLoader::getClassLoadingLock (35 bytes)
Event: 0.880 Thread 0x000000001e204000 nmethod 275 0x0000000002bcbd10 code [0x0000000002bcbea0, 0x0000000002bcc268]
Event: 0.882 Thread 0x000000001e204000  277       1       java.lang.Class::getClassLoader0 (5 bytes)
Event: 0.882 Thread 0x000000001e204000 nmethod 277 0x0000000002bce850 code [0x0000000002bce9a0, 0x0000000002bceab0]
Event: 0.886 Thread 0x000000001e1ed800  278       4       java.io.WinNTFileSystem::normalize (143 bytes)
Event: 0.886 Thread 0x000000001e204000  280       3       java.io.File::<init> (113 bytes)
Event: 0.887 Thread 0x000000001e204000 nmethod 280 0x0000000002bceed0 code [0x0000000002bcf140, 0x0000000002bcfed8]
Event: 0.887 Thread 0x000000001e204000  282   !   3       java.lang.ClassLoader::loadLibrary0 (407 bytes)
Event: 0.894 Thread 0x000000001e204000 nmethod 282 0x0000000002bd08d0 code [0x0000000002bd0fe0, 0x0000000002bd6a38]
Event: 0.894 Thread 0x000000001e204000  281       3       java.io.File::getName (42 bytes)

GC Heap History (0 events):
No events

Deoptimization events (0 events):
No events

Classes redefined (0 events):
No events

Internal exceptions (6 events):
Event: 0.039 Thread 0x0000000002922800 Exception <a 'java/lang/NoSuchMethodError': Method sun.misc.Unsafe.defineClass(Ljava/lang/String;[BII)Ljava/lang/Class; name or signature does not match> (0x000000076b607cc0) thrown at [C:\jenkins\workspace\8-2-build-windows-amd64-cygwin\jdk8u251\737\hots
Event: 0.039 Thread 0x0000000002922800 Exception <a 'java/lang/NoSuchMethodError': Method sun.misc.Unsafe.prefetchRead(Ljava/lang/Object;J)V name or signature does not match> (0x000000076b607fa8) thrown at [C:\jenkins\workspace\8-2-build-windows-amd64-cygwin\jdk8u251\737\hotspot\src\share\vm\p
Event: 0.283 Thread 0x0000000002922800 Exception <a 'java/security/PrivilegedActionException'> (0x000000076ba452b0) thrown at [C:\jenkins\workspace\8-2-build-windows-amd64-cygwin\jdk8u251\737\hotspot\src\share\vm\prims\jvm.cpp, line 1502]
Event: 0.283 Thread 0x0000000002922800 Exception <a 'java/security/PrivilegedActionException'> (0x000000076ba454c0) thrown at [C:\jenkins\workspace\8-2-build-windows-amd64-cygwin\jdk8u251\737\hotspot\src\share\vm\prims\jvm.cpp, line 1502]
Event: 0.284 Thread 0x0000000002922800 Exception <a 'java/security/PrivilegedActionException'> (0x000000076ba495b8) thrown at [C:\jenkins\workspace\8-2-build-windows-amd64-cygwin\jdk8u251\737\hotspot\src\share\vm\prims\jvm.cpp, line 1502]
Event: 0.284 Thread 0x0000000002922800 Exception <a 'java/security/PrivilegedActionException'> (0x000000076ba497c8) thrown at [C:\jenkins\workspace\8-2-build-windows-amd64-cygwin\jdk8u251\737\hotspot\src\share\vm\prims\jvm.cpp, line 1502]

Events (10 events):
Event: 0.867 loading class java/lang/Shutdown
Event: 0.867 loading class java/lang/Shutdown done
Event: 0.867 loading class java/lang/Shutdown$Lock
Event: 0.867 loading class java/lang/Shutdown$Lock done
Event: 0.878 loading class org/fusesource/jansi/AnsiConsole$JansiOutputType
Event: 0.878 loading class org/fusesource/jansi/AnsiConsole$JansiOutputType done
Event: 0.879 loading class org/fusesource/jansi/FilterPrintStream$1
Event: 0.879 loading class org/fusesource/jansi/FilterPrintStream$1 done
Event: 0.881 loading class org/fusesource/jansi/internal/Kernel32
Event: 0.881 loading class org/fusesource/jansi/internal/Kernel32 done


Dynamic libraries:
0x00007ff6f0010000 - 0x00007ff6f0047000 	C:\Program Files\Java\jdk1.8.0_251\bin\javaw.exe
0x00007ffb89e60000 - 0x00007ffb8a050000 	C:\WINDOWS\SYSTEM32\ntdll.dll
0x00007ffb5c5d0000 - 0x00007ffb5c5e2000 	C:\Program Files\Avast Software\Avast\aswhook.dll
0x00007ffb89030000 - 0x00007ffb890e2000 	C:\WINDOWS\System32\KERNEL32.DLL
0x00007ffb87800000 - 0x00007ffb87aa5000 	C:\WINDOWS\System32\KERNELBASE.dll
0x00007ffb886e0000 - 0x00007ffb88783000 	C:\WINDOWS\System32\ADVAPI32.dll
0x00007ffb890f0000 - 0x00007ffb8918e000 	C:\WINDOWS\System32\msvcrt.dll
0x00007ffb87f10000 - 0x00007ffb87fa7000 	C:\WINDOWS\System32\sechost.dll
0x00007ffb88e10000 - 0x00007ffb88f2f000 	C:\WINDOWS\System32\RPCRT4.dll
0x00007ffb89250000 - 0x00007ffb893e4000 	C:\WINDOWS\System32\USER32.dll
0x00007ffb876e0000 - 0x00007ffb87701000 	C:\WINDOWS\System32\win32u.dll
0x00007ffb891a0000 - 0x00007ffb891c6000 	C:\WINDOWS\System32\GDI32.dll
0x00007ffb87ab0000 - 0x00007ffb87c48000 	C:\WINDOWS\System32\gdi32full.dll
0x00007ffb87710000 - 0x00007ffb877ae000 	C:\WINDOWS\System32\msvcp_win.dll
0x00007ffb86dd0000 - 0x00007ffb86eca000 	C:\WINDOWS\System32\ucrtbase.dll
0x00007ffb752a0000 - 0x00007ffb75524000 	C:\WINDOWS\WinSxS\amd64_microsoft.windows.common-controls_6595b64144ccf1df_6.0.18362.1440_none_9e7dbfb9e45e8e67\COMCTL32.dll
0x00007ffb88790000 - 0x00007ffb88ac6000 	C:\WINDOWS\System32\combase.dll
0x00007ffb86ed0000 - 0x00007ffb86f51000 	C:\WINDOWS\System32\bcryptPrimitives.dll
0x00007ffb89d10000 - 0x00007ffb89d3e000 	C:\WINDOWS\System32\IMM32.DLL
0x000000005df50000 - 0x000000005e022000 	C:\Program Files\Java\jdk1.8.0_251\jre\bin\msvcr100.dll
0x000000005b5a0000 - 0x000000005be4b000 	C:\Program Files\Java\jdk1.8.0_251\jre\bin\server\jvm.dll
0x00007ffb88be0000 - 0x00007ffb88be8000 	C:\WINDOWS\System32\PSAPI.DLL
0x00007ffb7df10000 - 0x00007ffb7df1a000 	C:\WINDOWS\SYSTEM32\VERSION.dll
0x00007ffb6a750000 - 0x00007ffb6a759000 	C:\WINDOWS\SYSTEM32\WSOCK32.dll
0x00007ffb84900000 - 0x00007ffb84924000 	C:\WINDOWS\SYSTEM32\WINMM.dll
0x00007ffb88da0000 - 0x00007ffb88e0f000 	C:\WINDOWS\System32\WS2_32.dll
0x00007ffb84470000 - 0x00007ffb8449d000 	C:\WINDOWS\SYSTEM32\WINMMBASE.dll
0x00007ffb87cb0000 - 0x00007ffb87cfa000 	C:\WINDOWS\System32\cfgmgr32.dll
0x00007ffb82ea0000 - 0x00007ffb82eaf000 	C:\Program Files\Java\jdk1.8.0_251\jre\bin\verify.dll
0x00007ffb72be0000 - 0x00007ffb72c09000 	C:\Program Files\Java\jdk1.8.0_251\jre\bin\java.dll
0x00007ffb72da0000 - 0x00007ffb72db6000 	C:\Program Files\Java\jdk1.8.0_251\jre\bin\zip.dll
0x00007ffb89620000 - 0x00007ffb89d08000 	C:\WINDOWS\System32\SHELL32.dll
0x00007ffb88ad0000 - 0x00007ffb88b77000 	C:\WINDOWS\System32\shcore.dll
0x00007ffb86f60000 - 0x00007ffb876db000 	C:\WINDOWS\System32\windows.storage.dll
0x00007ffb86d40000 - 0x00007ffb86d5e000 	C:\WINDOWS\System32\profapi.dll
0x00007ffb86d60000 - 0x00007ffb86daa000 	C:\WINDOWS\System32\powrprof.dll
0x00007ffb86d10000 - 0x00007ffb86d20000 	C:\WINDOWS\System32\UMPDC.dll
0x00007ffb89460000 - 0x00007ffb894b2000 	C:\WINDOWS\System32\shlwapi.dll
0x00007ffb86d20000 - 0x00007ffb86d31000 	C:\WINDOWS\System32\kernel.appcore.dll
0x00007ffb877b0000 - 0x00007ffb877c7000 	C:\WINDOWS\System32\cryptsp.dll
0x00007ffb860d0000 - 0x00007ffb86103000 	C:\WINDOWS\system32\rsaenh.dll
0x00007ffb877d0000 - 0x00007ffb877f6000 	C:\WINDOWS\System32\bcrypt.dll
0x00007ffb86c30000 - 0x00007ffb86c55000 	C:\WINDOWS\SYSTEM32\USERENV.dll
0x00007ffb86720000 - 0x00007ffb8672c000 	C:\WINDOWS\SYSTEM32\CRYPTBASE.dll
0x00007ffb72a80000 - 0x00007ffb72a9a000 	C:\Program Files\Java\jdk1.8.0_251\jre\bin\net.dll
0x00007ffb86550000 - 0x00007ffb865b7000 	C:\WINDOWS\system32\mswsock.dll
0x00007ffb86260000 - 0x00007ffb8629a000 	C:\WINDOWS\SYSTEM32\IPHLPAPI.DLL
0x00007ffb89e10000 - 0x00007ffb89e18000 	C:\WINDOWS\System32\NSI.dll
0x00007ffb7ccf0000 - 0x00007ffb7cd06000 	C:\WINDOWS\SYSTEM32\dhcpcsvc6.DLL
0x00007ffb7c470000 - 0x00007ffb7c48c000 	C:\WINDOWS\SYSTEM32\dhcpcsvc.DLL
0x00007ffb862a0000 - 0x00007ffb8636b000 	C:\WINDOWS\SYSTEM32\DNSAPI.dll
0x00007ffb69700000 - 0x00007ffb69712000 	C:\Program Files\Java\jdk1.8.0_251\jre\bin\nio.dll
0x00007ffb7fbd0000 - 0x00007ffb7fbda000 	C:\Users\suhas\AppData\Local\Temp\jansi-1.17.1-9128393693958757851.dll

VM Arguments:
jvm_args: -Dmaven.home=EMBEDDED -Dclassworlds.conf=I:\CodeRepositoryv1-masterv1g3\.metadata\.plugins\org.eclipse.m2e.launching\launches\m2conf7226144992446615072.tmp -Dmaven.multiModuleProjectDirectory=I:\CodeRepositoryv1-masterv1g3\PersonaSyncServerPublisherAnalyticSegmentsv1v2 -Dfile.encoding=Cp1252 
java_command: org.codehaus.plexus.classworlds.launcher.Launcher -B -Dmaven.test.skip=true -DskipTests clean install
java_class_path (initial): C:\Users\suhas\.p2\pool\plugins\org.eclipse.m2e.maven.runtime_1.13.0.20190716-1623\jars\plexus-classworlds-2.6.0.jar
Launcher Type: SUN_STANDARD

Environment Variables:
PATH=C:/Program Files/Java/jre1.8.0_251/bin/server;C:/Program Files/Java/jre1.8.0_251/bin;C:/Program Files/Java/jre1.8.0_251/lib/amd64;C:\Program Files\Common Files\Oracle\Java\javapath;C:\Program Files\NVIDIA GPU Computing Toolkit\CUDA\v11.1\bin;C:\Program Files\NVIDIA GPU Computing Toolkit\CUDA\v11.1\libnvvp;C:\ProgramData\Oracle\Java\javapath;C:\Program Files (x86)\Common Files\Oracle\Java\javapath;C:\Windows\system32;C:\Windows;C:\Windows\System32\Wbem;C:\Windows\System32\WindowsPowerShell\v1.0\;C:\Program Files (x86)\NVIDIA Corporation\PhysX\Common;C:\WINDOWS\system32;C:\WINDOWS;C:\WINDOWS\System32\Wbem;C:\WINDOWS\System32\WindowsPowerShell\v1.0\;C:\WINDOWS\System32\OpenSSH\;C:\Program Files\Java\scripts;C:\Program Files\nodejs\;C:\Program Files\NVIDIA Corporation\Nsight Compute 2020.2.0\;C:\Program Files\NVIDIA Corporation\NVIDIA NvDLISR;C:\Program Files\Git\cmd;C:\Program Files\dotnet\;C:\Program Files (x86)\dotnet\;C:\ProgramData\Oracle\Java\javapath;C:\Program Files (x86)\Common Files\Oracle\Java\javapath;C:\Windows\system32;C:\Windows;C:\Windows\System32\Wbem;C:\Windows\System32\WindowsPowerShell\v1.0\;C:\Program Files (x86)\NVIDIA Corporation\PhysX\Common;C:\WINDOWS\system32;C:\WINDOWS;C:\WINDOWS\System32\Wbem;C:\WINDOWS\System32\WindowsPowerShell\v1.0\;C:\WINDOWS\System32\OpenSSH\;C:\Program Files\Java\scripts;C:\Program Files\nodejs\;C:\Users\suhas\AppData\Local\Microsoft\WindowsApps;C:\Users\suhas\AppData\Roaming\npm;C:\Users\suhas\AppData\Local\GitHubDesktop\bin;C:\Program Files\JetBrains\PyCharm 2020.2\bin;C:\Users\suhas\AppData\Local\Programs\Python\Python38;C:\Users\suhas\AppData\Local\Programs\Python\Python38\Scripts;C:\Program Files\NVIDIA GPU Computing Toolkit\CUDA\v11.1\bin;C:\Program Files\NVIDIA GPU Computing Toolkit\CUDA\v11.1\libnvvp;C:\GNUstep\GNUstep\System\Tools;C:\GNUstep\bin;C:\GNUstep\bin;C:\Users\suhas\.dotnet\tools;C:\WINDOWS\system32;
USERNAME=suhas
OS=Windows_NT
PROCESSOR_IDENTIFIER=Intel64 Family 6 Model 158 Stepping 9, GenuineIntel



---------------  S Y S T E M  ---------------

OS: Windows 10.0 , 64 bit Build 18362 (10.0.18362.1350)

CPU:total 8 (initial active 8) (4 cores per cpu, 2 threads per core) family 6 model 158 stepping 9, cmov, cx8, fxsr, mmx, sse, sse2, sse3, ssse3, sse4.1, sse4.2, popcnt, avx, avx2, aes, clmul, erms, 3dnowpref, lzcnt, ht, tsc, tscinvbit, bmi1, bmi2, adx

Memory: 4k page, physical 16634020k(3661492k free), swap 27224492k(3156k free)

vm_info: Java HotSpot(TM) 64-Bit Server VM (25.251-b08) for windows-amd64 JRE (1.8.0_251-b08), built on Mar 12 2020 06:31:49 by "" with MS VC++ 10.0 (VS2010)

time: Thu Mar 18 23:41:21 2021
timezone: India Standard Time
elapsed time: 0 seconds (0d 0h 0m 0s)

