#
# There is insufficient memory for the Java Runtime Environment to continue.
# Native memory allocation (malloc) failed to allocate 1980976 bytes for Chunk::new
# Possible reasons:
#   The system is out of physical RAM or swap space
#   The process is running with CompressedOops enabled, and the Java Heap may be blocking the growth of the native heap
# Possible solutions:
#   Reduce memory load on the system
#   Increase physical memory or swap space
#   Check if swap backing store is full
#   Decrease Java heap size (-Xmx/-Xms)
#   Decrease number of Java threads
#   Decrease Java thread stack sizes (-Xss)
#   Set larger code cache with -XX:ReservedCodeCacheSize=
#   JVM is running with Zero Based Compressed Oops mode in which the Java heap is
#     placed in the first 32GB address space. The Java Heap base address is the
#     maximum limit for the native heap growth. Please use -XX:HeapBaseMinAddress
#     to set the Java Heap base and to place the Java Heap above 32GB virtual address.
# This output file may be truncated or incomplete.
#
#  Out of Memory Error (allocation.cpp:389), pid=23016, tid=0x00000000000068d0
#
# JRE version: Java(TM) SE Runtime Environment (8.0_251-b08) (build 1.8.0_251-b08)
# Java VM: Java HotSpot(TM) 64-Bit Server VM (25.251-b08 mixed mode windows-amd64 compressed oops)
# Failed to write core dump. Minidumps are not enabled by default on client versions of Windows
#

---------------  T H R E A D  ---------------

Current thread (0x000000001e099800):  JavaThread "C2 CompilerThread1" daemon [_thread_in_native, id=26832, stack(0x000000001ea60000,0x000000001eb60000)]

Stack: [0x000000001ea60000,0x000000001eb60000]
[error occurred during error reporting (printing stack bounds), id 0xc0000005]

Native frames: (J=compiled Java code, j=interpreted, Vv=VM code, C=native code)


Current CompileTask:
C2:   5024 3219   !   4       java.net.URLClassLoader$1::run (63 bytes)


---------------  P R O C E S S  ---------------

Java Threads: ( => current thread )
  0x000000001e10c000 JavaThread "Service Thread" daemon [_thread_blocked, id=28020, stack(0x000000001ed60000,0x000000001ee60000)]
  0x000000001e0a4800 JavaThread "C1 CompilerThread3" daemon [_thread_blocked, id=27848, stack(0x000000001ec60000,0x000000001ed60000)]
  0x000000001e0a9800 JavaThread "C2 CompilerThread2" daemon [_thread_in_native, id=31216, stack(0x000000001eb60000,0x000000001ec60000)]
=>0x000000001e099800 JavaThread "C2 CompilerThread1" daemon [_thread_in_native, id=26832, stack(0x000000001ea60000,0x000000001eb60000)]
  0x000000001e092000 JavaThread "C2 CompilerThread0" daemon [_thread_in_native, id=30396, stack(0x000000001e960000,0x000000001ea60000)]
  0x000000001e08b000 JavaThread "Attach Listener" daemon [_thread_blocked, id=8260, stack(0x000000001e860000,0x000000001e960000)]
  0x000000001e088000 JavaThread "Signal Dispatcher" daemon [_thread_blocked, id=9248, stack(0x000000001e760000,0x000000001e860000)]
  0x000000001e080800 JavaThread "Finalizer" daemon [_thread_blocked, id=7988, stack(0x000000001e560000,0x000000001e660000)]
  0x000000001c29d000 JavaThread "Reference Handler" daemon [_thread_blocked, id=31412, stack(0x000000001e460000,0x000000001e560000)]
  0x00000000027d2800 JavaThread "main" [_thread_in_native, id=23356, stack(0x0000000002610000,0x0000000002710000)]

Other Threads:
  0x000000001c299000 VMThread [stack: 0x000000001df60000,0x000000001e060000] [id=24768]
  0x000000001e10e800 WatcherThread [stack: 0x000000001ee60000,0x000000001ef60000] [id=8832]

VM state:not at safepoint (normal execution)

VM Mutex/Monitor currently owned by a thread: None

heap address: 0x00000006c2200000, size: 4062 MB, Compressed Oops mode: Zero based, Oop shift amount: 3
Narrow klass base: 0x0000000000000000, Narrow klass shift: 3
Compressed class space size: 1073741824 Address: 0x00000007c0000000

Heap:
 PSYoungGen      total 75776K, used 38063K [0x000000076b600000, 0x0000000770a80000, 0x00000007c0000000)
  eden space 65024K, 42% used [0x000000076b600000,0x000000076d0affc0,0x000000076f580000)
  from space 10752K, 99% used [0x000000076f580000,0x000000076fffc030,0x0000000770000000)
  to   space 10752K, 0% used [0x0000000770000000,0x0000000770000000,0x0000000770a80000)
 ParOldGen       total 173568K, used 642K [0x00000006c2200000, 0x00000006ccb80000, 0x000000076b600000)
  object space 173568K, 0% used [0x00000006c2200000,0x00000006c22a09b0,0x00000006ccb80000)
 Metaspace       used 20499K, capacity 20954K, committed 21120K, reserved 1067008K
  class space    used 2480K, capacity 2619K, committed 2688K, reserved 1048576K

Card table byte_map: [0x0000000011c90000,0x0000000012480000] byte_map_base: 0x000000000e67f000

Marking Bits: (ParMarkBitMap*) 0x000000005bdcaf90
 Begin Bits: [0x00000000131d0000, 0x0000000017148000)
 End Bits:   [0x0000000017148000, 0x000000001b0c0000)

Polling page: 0x0000000000870000

CodeCache: size=245760Kb used=11539Kb max_used=11546Kb free=234220Kb
 bounds [0x00000000028d0000, 0x0000000003420000, 0x00000000118d0000]
 total_blobs=3644 nmethods=3248 adapters=308
 compilation: enabled

Compilation events (10 events):
Event: 4.987 Thread 0x000000001e092000 3241       4       java.util.jar.Attributes$Name::isValid (45 bytes)
Event: 4.990 Thread 0x000000001e092000 nmethod 3241 0x0000000003419250 code [0x00000000034193a0, 0x00000000034196d8]
Event: 4.990 Thread 0x000000001e092000 3242       4       sun.misc.ASCIICaseInsensitiveComparator::lowerCaseHashCode (36 bytes)
Event: 4.993 Thread 0x000000001e092000 nmethod 3242 0x0000000003419950 code [0x0000000003419aa0, 0x0000000003419d18]
Event: 4.993 Thread 0x000000001e092000 3243       4       java.lang.String::<init> (100 bytes)
Event: 4.994 Thread 0x000000001e0a4800 3244   !   3       java.util.jar.Attributes::read (380 bytes)
Event: 4.996 Thread 0x000000001e092000 nmethod 3243 0x0000000003419e50 code [0x0000000003419fa0, 0x000000000341a2b8]
Event: 4.996 Thread 0x000000001e092000 3245       4       java.util.jar.Attributes$Name::hashCode (24 bytes)
Event: 4.997 Thread 0x000000001e0a4800 nmethod 3244 0x000000000341a4d0 code [0x000000000341a920, 0x000000000341cee8]
Event: 4.997 Thread 0x000000001e0a4800 3246       1       com.sun.tools.javac.file.Locations::access$500 (5 bytes)

GC Heap History (6 events):
Event: 1.823 GC heap before
{Heap before GC invocations=1 (full 0):
 PSYoungGen      total 75776K, used 65024K [0x000000076b600000, 0x0000000770a80000, 0x00000007c0000000)
  eden space 65024K, 100% used [0x000000076b600000,0x000000076f580000,0x000000076f580000)
  from space 10752K, 0% used [0x0000000770000000,0x0000000770000000,0x0000000770a80000)
  to   space 10752K, 0% used [0x000000076f580000,0x000000076f580000,0x0000000770000000)
 ParOldGen       total 173568K, used 0K [0x00000006c2200000, 0x00000006ccb80000, 0x000000076b600000)
  object space 173568K, 0% used [0x00000006c2200000,0x00000006c2200000,0x00000006ccb80000)
 Metaspace       used 12093K, capacity 12258K, committed 12416K, reserved 1060864K
  class space    used 1486K, capacity 1573K, committed 1664K, reserved 1048576K
Event: 1.834 GC heap after
Heap after GC invocations=1 (full 0):
 PSYoungGen      total 75776K, used 10105K [0x000000076b600000, 0x0000000770a80000, 0x00000007c0000000)
  eden space 65024K, 0% used [0x000000076b600000,0x000000076b600000,0x000000076f580000)
  from space 10752K, 93% used [0x000000076f580000,0x000000076ff5e450,0x0000000770000000)
  to   space 10752K, 0% used [0x0000000770000000,0x0000000770000000,0x0000000770a80000)
 ParOldGen       total 173568K, used 16K [0x00000006c2200000, 0x00000006ccb80000, 0x000000076b600000)
  object space 173568K, 0% used [0x00000006c2200000,0x00000006c2204000,0x00000006ccb80000)
 Metaspace       used 12093K, capacity 12258K, committed 12416K, reserved 1060864K
  class space    used 1486K, capacity 1573K, committed 1664K, reserved 1048576K
}
Event: 2.818 GC heap before
{Heap before GC invocations=2 (full 0):
 PSYoungGen      total 75776K, used 75129K [0x000000076b600000, 0x0000000770a80000, 0x00000007c0000000)
  eden space 65024K, 100% used [0x000000076b600000,0x000000076f580000,0x000000076f580000)
  from space 10752K, 93% used [0x000000076f580000,0x000000076ff5e450,0x0000000770000000)
  to   space 10752K, 0% used [0x0000000770000000,0x0000000770000000,0x0000000770a80000)
 ParOldGen       total 173568K, used 16K [0x00000006c2200000, 0x00000006ccb80000, 0x000000076b600000)
  object space 173568K, 0% used [0x00000006c2200000,0x00000006c2204000,0x00000006ccb80000)
 Metaspace       used 15284K, capacity 15528K, committed 15872K, reserved 1062912K
  class space    used 1847K, capacity 1942K, committed 2048K, reserved 1048576K
Event: 2.829 GC heap after
Heap after GC invocations=2 (full 0):
 PSYoungGen      total 75776K, used 10142K [0x000000076b600000, 0x0000000770a80000, 0x00000007c0000000)
  eden space 65024K, 0% used [0x000000076b600000,0x000000076b600000,0x000000076f580000)
  from space 10752K, 94% used [0x0000000770000000,0x00000007709e7848,0x0000000770a80000)
  to   space 10752K, 0% used [0x000000076f580000,0x000000076f580000,0x0000000770000000)
 ParOldGen       total 173568K, used 24K [0x00000006c2200000, 0x00000006ccb80000, 0x000000076b600000)
  object space 173568K, 0% used [0x00000006c2200000,0x00000006c2206000,0x00000006ccb80000)
 Metaspace       used 15284K, capacity 15528K, committed 15872K, reserved 1062912K
  class space    used 1847K, capacity 1942K, committed 2048K, reserved 1048576K
}
Event: 4.419 GC heap before
{Heap before GC invocations=3 (full 0):
 PSYoungGen      total 75776K, used 75166K [0x000000076b600000, 0x0000000770a80000, 0x00000007c0000000)
  eden space 65024K, 100% used [0x000000076b600000,0x000000076f580000,0x000000076f580000)
  from space 10752K, 94% used [0x0000000770000000,0x00000007709e7848,0x0000000770a80000)
  to   space 10752K, 0% used [0x000000076f580000,0x000000076f580000,0x0000000770000000)
 ParOldGen       total 173568K, used 24K [0x00000006c2200000, 0x00000006ccb80000, 0x000000076b600000)
  object space 173568K, 0% used [0x00000006c2200000,0x00000006c2206000,0x00000006ccb80000)
 Metaspace       used 16579K, capacity 16918K, committed 17280K, reserved 1064960K
  class space    used 1953K, capacity 2059K, committed 2176K, reserved 1048576K
Event: 4.427 GC heap after
Heap after GC invocations=3 (full 0):
 PSYoungGen      total 75776K, used 10736K [0x000000076b600000, 0x0000000770a80000, 0x00000007c0000000)
  eden space 65024K, 0% used [0x000000076b600000,0x000000076b600000,0x000000076f580000)
  from space 10752K, 99% used [0x000000076f580000,0x000000076fffc030,0x0000000770000000)
  to   space 10752K, 0% used [0x0000000770000000,0x0000000770000000,0x0000000770a80000)
 ParOldGen       total 173568K, used 642K [0x00000006c2200000, 0x00000006ccb80000, 0x000000076b600000)
  object space 173568K, 0% used [0x00000006c2200000,0x00000006c22a09b0,0x00000006ccb80000)
 Metaspace       used 16579K, capacity 16918K, committed 17280K, reserved 1064960K
  class space    used 1953K, capacity 2059K, committed 2176K, reserved 1048576K
}

Deoptimization events (10 events):
Event: 4.047 Thread 0x00000000027d2800 Uncommon trap: reason=array_check action=maybe_recompile pc=0x00000000032a3014 method=java.util.TimSort.binarySort([Ljava/lang/Object;IIILjava/util/Comparator;)V @ 215
Event: 4.047 Thread 0x00000000027d2800 Uncommon trap: reason=array_check action=maybe_recompile pc=0x00000000032a30d8 method=java.util.TimSort.binarySort([Ljava/lang/Object;IIILjava/util/Comparator;)V @ 193
Event: 4.048 Thread 0x00000000027d2800 Uncommon trap: reason=array_check action=maybe_recompile pc=0x00000000032a30d8 method=java.util.TimSort.binarySort([Ljava/lang/Object;IIILjava/util/Comparator;)V @ 193
Event: 4.049 Thread 0x00000000027d2800 Uncommon trap: reason=array_check action=maybe_recompile pc=0x00000000032a3014 method=java.util.TimSort.binarySort([Ljava/lang/Object;IIILjava/util/Comparator;)V @ 215
Event: 4.448 Thread 0x00000000027d2800 Uncommon trap: reason=unstable_if action=reinterpret pc=0x00000000032a59ec method=java.util.IdentityHashMap.closeDeletion(I)V @ 22
Event: 4.511 Thread 0x00000000027d2800 Uncommon trap: reason=array_check action=maybe_recompile pc=0x00000000033db0dc method=java.util.TimSort.binarySort([Ljava/lang/Object;IIILjava/util/Comparator;)V @ 183
Event: 4.511 Thread 0x00000000027d2800 Uncommon trap: reason=array_check action=maybe_recompile pc=0x00000000033db0dc method=java.util.TimSort.binarySort([Ljava/lang/Object;IIILjava/util/Comparator;)V @ 183
Event: 4.709 Thread 0x00000000027d2800 Uncommon trap: reason=unstable_if action=reinterpret pc=0x00000000029f0bc8 method=java.net.URI.match(CJJ)Z @ 19
Event: 4.710 Thread 0x00000000027d2800 Uncommon trap: reason=unstable_if action=reinterpret pc=0x0000000003285188 method=java.nio.charset.CharsetDecoder.decode(Ljava/nio/ByteBuffer;Ljava/nio/CharBuffer;Z)Ljava/nio/charset/CoderResult; @ 1
Event: 4.956 Thread 0x00000000027d2800 Uncommon trap: reason=range_check action=make_not_entrant pc=0x00000000033befe8 method=java.lang.String.charAt(I)C @ 27

Classes redefined (0 events):
No events

Internal exceptions (10 events):
Event: 2.089 Thread 0x00000000027d2800 Exception <a 'java/lang/NullPointerException'> (0x000000076c4ce9e0) thrown at [C:\jenkins\workspace\8-2-build-windows-amd64-cygwin\jdk8u251\737\hotspot\src\share\vm\interpreter\linkResolver.cpp, line 1185]
Event: 2.089 Thread 0x00000000027d2800 Exception <a 'java/lang/NullPointerException'> (0x000000076c4cebf8) thrown at [C:\jenkins\workspace\8-2-build-windows-amd64-cygwin\jdk8u251\737\hotspot\src\share\vm\interpreter\linkResolver.cpp, line 1185]
Event: 2.089 Thread 0x00000000027d2800 Exception <a 'java/lang/NullPointerException'> (0x000000076c4cee10) thrown at [C:\jenkins\workspace\8-2-build-windows-amd64-cygwin\jdk8u251\737\hotspot\src\share\vm\interpreter\linkResolver.cpp, line 1185]
Event: 2.090 Thread 0x00000000027d2800 Exception <a 'java/lang/NullPointerException'> (0x000000076c4d8760) thrown at [C:\jenkins\workspace\8-2-build-windows-amd64-cygwin\jdk8u251\737\hotspot\src\share\vm\interpreter\linkResolver.cpp, line 1185]
Event: 2.090 Thread 0x00000000027d2800 Exception <a 'java/lang/NullPointerException'> (0x000000076c4d8978) thrown at [C:\jenkins\workspace\8-2-build-windows-amd64-cygwin\jdk8u251\737\hotspot\src\share\vm\interpreter\linkResolver.cpp, line 1185]
Event: 2.090 Thread 0x00000000027d2800 Exception <a 'java/lang/NullPointerException'> (0x000000076c4d8b90) thrown at [C:\jenkins\workspace\8-2-build-windows-amd64-cygwin\jdk8u251\737\hotspot\src\share\vm\interpreter\linkResolver.cpp, line 1185]
Event: 2.344 Thread 0x00000000027d2800 Implicit null exception at 0x0000000002b6a415 to 0x0000000002b6a619
Event: 2.344 Thread 0x00000000027d2800 Implicit null exception at 0x0000000002c8962f to 0x0000000002c89699
Event: 2.434 Thread 0x00000000027d2800 Implicit null exception at 0x0000000002f40281 to 0x0000000002f41445
Event: 4.709 Thread 0x00000000027d2800 Exception <a 'java/lang/ClassNotFoundException': com/sun/tools/javac/api/JavacTool> (0x000000076c0ec958) thrown at [C:\jenkins\workspace\8-2-build-windows-amd64-cygwin\jdk8u251\737\hotspot\src\share\vm\classfile\systemDictionary.cpp, line 210]

Events (10 events):
Event: 4.955 loading class com/sun/tools/javac/file/Locations$Path done
Event: 4.955 Executing VM operation: Deoptimize
Event: 4.955 Executing VM operation: Deoptimize done
Event: 4.955 loading class com/sun/tools/javac/util/ListBuffer$1
Event: 4.955 loading class com/sun/tools/javac/util/ListBuffer$1 done
Event: 4.956 Thread 0x00000000027d2800 Uncommon trap: trap_request=0xffffffe4 fr.pc=0x00000000033befe8
Event: 4.956 Thread 0x00000000027d2800 DEOPT PACKING pc=0x00000000033befe8 sp=0x000000000270d640
Event: 4.956 Thread 0x00000000027d2800 DEOPT UNPACKING pc=0x000000000291583b sp=0x000000000270d570 mode 2
Event: 4.957 loading class com/sun/tools/javac/util/StringUtils
Event: 4.957 loading class com/sun/tools/javac/util/StringUtils done


Dynamic libraries:
0x00007ff6f0010000 - 0x00007ff6f0047000 	C:\Program Files\Java\jdk1.8.0_251\bin\javaw.exe
0x00007ffb89e60000 - 0x00007ffb8a050000 	C:\WINDOWS\SYSTEM32\ntdll.dll
0x00007ffb5c5d0000 - 0x00007ffb5c5e2000 	C:\Program Files\Avast Software\Avast\aswhook.dll
0x00007ffb89030000 - 0x00007ffb890e2000 	C:\WINDOWS\System32\KERNEL32.DLL
0x00007ffb87800000 - 0x00007ffb87aa5000 	C:\WINDOWS\System32\KERNELBASE.dll
0x00007ffb886e0000 - 0x00007ffb88783000 	C:\WINDOWS\System32\ADVAPI32.dll
0x00007ffb890f0000 - 0x00007ffb8918e000 	C:\WINDOWS\System32\msvcrt.dll
0x00007ffb87f10000 - 0x00007ffb87fa7000 	C:\WINDOWS\System32\sechost.dll
0x00007ffb88e10000 - 0x00007ffb88f2f000 	C:\WINDOWS\System32\RPCRT4.dll
0x00007ffb89250000 - 0x00007ffb893e4000 	C:\WINDOWS\System32\USER32.dll
0x00007ffb876e0000 - 0x00007ffb87701000 	C:\WINDOWS\System32\win32u.dll
0x00007ffb891a0000 - 0x00007ffb891c6000 	C:\WINDOWS\System32\GDI32.dll
0x00007ffb87ab0000 - 0x00007ffb87c48000 	C:\WINDOWS\System32\gdi32full.dll
0x00007ffb87710000 - 0x00007ffb877ae000 	C:\WINDOWS\System32\msvcp_win.dll
0x00007ffb86dd0000 - 0x00007ffb86eca000 	C:\WINDOWS\System32\ucrtbase.dll
0x00007ffb752a0000 - 0x00007ffb75524000 	C:\WINDOWS\WinSxS\amd64_microsoft.windows.common-controls_6595b64144ccf1df_6.0.18362.1440_none_9e7dbfb9e45e8e67\COMCTL32.dll
0x00007ffb88790000 - 0x00007ffb88ac6000 	C:\WINDOWS\System32\combase.dll
0x00007ffb86ed0000 - 0x00007ffb86f51000 	C:\WINDOWS\System32\bcryptPrimitives.dll
0x00007ffb89d10000 - 0x00007ffb89d3e000 	C:\WINDOWS\System32\IMM32.DLL
0x000000005df50000 - 0x000000005e022000 	C:\Program Files\Java\jdk1.8.0_251\jre\bin\msvcr100.dll
0x000000005b5a0000 - 0x000000005be4b000 	C:\Program Files\Java\jdk1.8.0_251\jre\bin\server\jvm.dll
0x00007ffb88be0000 - 0x00007ffb88be8000 	C:\WINDOWS\System32\PSAPI.DLL
0x00007ffb84900000 - 0x00007ffb84924000 	C:\WINDOWS\SYSTEM32\WINMM.dll
0x00007ffb6a750000 - 0x00007ffb6a759000 	C:\WINDOWS\SYSTEM32\WSOCK32.dll
0x00007ffb7df10000 - 0x00007ffb7df1a000 	C:\WINDOWS\SYSTEM32\VERSION.dll
0x00007ffb88da0000 - 0x00007ffb88e0f000 	C:\WINDOWS\System32\WS2_32.dll
0x00007ffb84470000 - 0x00007ffb8449d000 	C:\WINDOWS\SYSTEM32\WINMMBASE.dll
0x00007ffb87cb0000 - 0x00007ffb87cfa000 	C:\WINDOWS\System32\cfgmgr32.dll
0x00007ffb82ea0000 - 0x00007ffb82eaf000 	C:\Program Files\Java\jdk1.8.0_251\jre\bin\verify.dll
0x00007ffb72be0000 - 0x00007ffb72c09000 	C:\Program Files\Java\jdk1.8.0_251\jre\bin\java.dll
0x00007ffb72da0000 - 0x00007ffb72db6000 	C:\Program Files\Java\jdk1.8.0_251\jre\bin\zip.dll
0x00007ffb89620000 - 0x00007ffb89d08000 	C:\WINDOWS\System32\SHELL32.dll
0x00007ffb88ad0000 - 0x00007ffb88b77000 	C:\WINDOWS\System32\shcore.dll
0x00007ffb86f60000 - 0x00007ffb876db000 	C:\WINDOWS\System32\windows.storage.dll
0x00007ffb86d40000 - 0x00007ffb86d5e000 	C:\WINDOWS\System32\profapi.dll
0x00007ffb86d60000 - 0x00007ffb86daa000 	C:\WINDOWS\System32\powrprof.dll
0x00007ffb86d10000 - 0x00007ffb86d20000 	C:\WINDOWS\System32\UMPDC.dll
0x00007ffb89460000 - 0x00007ffb894b2000 	C:\WINDOWS\System32\shlwapi.dll
0x00007ffb86d20000 - 0x00007ffb86d31000 	C:\WINDOWS\System32\kernel.appcore.dll
0x00007ffb877b0000 - 0x00007ffb877c7000 	C:\WINDOWS\System32\cryptsp.dll
0x00007ffb860d0000 - 0x00007ffb86103000 	C:\WINDOWS\system32\rsaenh.dll
0x00007ffb877d0000 - 0x00007ffb877f6000 	C:\WINDOWS\System32\bcrypt.dll
0x00007ffb86c30000 - 0x00007ffb86c55000 	C:\WINDOWS\SYSTEM32\USERENV.dll
0x00007ffb86720000 - 0x00007ffb8672c000 	C:\WINDOWS\SYSTEM32\CRYPTBASE.dll
0x00007ffb72a80000 - 0x00007ffb72a9a000 	C:\Program Files\Java\jdk1.8.0_251\jre\bin\net.dll
0x00007ffb86550000 - 0x00007ffb865b7000 	C:\WINDOWS\system32\mswsock.dll
0x00007ffb86260000 - 0x00007ffb8629a000 	C:\WINDOWS\SYSTEM32\IPHLPAPI.DLL
0x00007ffb89e10000 - 0x00007ffb89e18000 	C:\WINDOWS\System32\NSI.dll
0x00007ffb7ccf0000 - 0x00007ffb7cd06000 	C:\WINDOWS\SYSTEM32\dhcpcsvc6.DLL
0x00007ffb7c470000 - 0x00007ffb7c48c000 	C:\WINDOWS\SYSTEM32\dhcpcsvc.DLL
0x00007ffb862a0000 - 0x00007ffb8636b000 	C:\WINDOWS\SYSTEM32\DNSAPI.dll
0x00007ffb69700000 - 0x00007ffb69712000 	C:\Program Files\Java\jdk1.8.0_251\jre\bin\nio.dll
0x00007ffb7fbd0000 - 0x00007ffb7fbda000 	C:\Users\suhas\AppData\Local\Temp\jansi-1.17.1-1131044483644463391.dll
0x00007ffb7fbc0000 - 0x00007ffb7fbca000 	C:\Users\suhas\AppData\Local\Temp\jansi-1.17.1-4658610854076104538.dll

VM Arguments:
jvm_args: -Dmaven.home=EMBEDDED -Dclassworlds.conf=I:\CodeRepositoryv1-masterv1g3\.metadata\.plugins\org.eclipse.m2e.launching\launches\m2conf1206970120671320056.tmp -Dmaven.multiModuleProjectDirectory=I:\CodeRepositoryv1-masterv1g3\PersonaSyncServerPublisherAnalyticSegmentsv1v2 -Dfile.encoding=Cp1252 
java_command: org.codehaus.plexus.classworlds.launcher.Launcher -B -Dmaven.test.skip=true -DskipTests clean install
java_class_path (initial): C:\Users\suhas\.p2\pool\plugins\org.eclipse.m2e.maven.runtime_1.13.0.20190716-1623\jars\plexus-classworlds-2.6.0.jar
Launcher Type: SUN_STANDARD

Environment Variables:
PATH=C:/Program Files/Java/jre1.8.0_251/bin/server;C:/Program Files/Java/jre1.8.0_251/bin;C:/Program Files/Java/jre1.8.0_251/lib/amd64;C:\Program Files\Common Files\Oracle\Java\javapath;C:\Program Files\NVIDIA GPU Computing Toolkit\CUDA\v11.1\bin;C:\Program Files\NVIDIA GPU Computing Toolkit\CUDA\v11.1\libnvvp;C:\ProgramData\Oracle\Java\javapath;C:\Program Files (x86)\Common Files\Oracle\Java\javapath;C:\Windows\system32;C:\Windows;C:\Windows\System32\Wbem;C:\Windows\System32\WindowsPowerShell\v1.0\;C:\Program Files (x86)\NVIDIA Corporation\PhysX\Common;C:\WINDOWS\system32;C:\WINDOWS;C:\WINDOWS\System32\Wbem;C:\WINDOWS\System32\WindowsPowerShell\v1.0\;C:\WINDOWS\System32\OpenSSH\;C:\Program Files\Java\scripts;C:\Program Files\nodejs\;C:\Program Files\NVIDIA Corporation\Nsight Compute 2020.2.0\;C:\Program Files\NVIDIA Corporation\NVIDIA NvDLISR;C:\Program Files\Git\cmd;C:\Program Files\dotnet\;C:\Program Files (x86)\dotnet\;C:\ProgramData\Oracle\Java\javapath;C:\Program Files (x86)\Common Files\Oracle\Java\javapath;C:\Windows\system32;C:\Windows;C:\Windows\System32\Wbem;C:\Windows\System32\WindowsPowerShell\v1.0\;C:\Program Files (x86)\NVIDIA Corporation\PhysX\Common;C:\WINDOWS\system32;C:\WINDOWS;C:\WINDOWS\System32\Wbem;C:\WINDOWS\System32\WindowsPowerShell\v1.0\;C:\WINDOWS\System32\OpenSSH\;C:\Program Files\Java\scripts;C:\Program Files\nodejs\;C:\Users\suhas\AppData\Local\Microsoft\WindowsApps;C:\Users\suhas\AppData\Roaming\npm;C:\Users\suhas\AppData\Local\GitHubDesktop\bin;C:\Program Files\JetBrains\PyCharm 2020.2\bin;C:\Users\suhas\AppData\Local\Programs\Python\Python38;C:\Users\suhas\AppData\Local\Programs\Python\Python38\Scripts;C:\Program Files\NVIDIA GPU Computing Toolkit\CUDA\v11.1\bin;C:\Program Files\NVIDIA GPU Computing Toolkit\CUDA\v11.1\libnvvp;C:\GNUstep\GNUstep\System\Tools;C:\GNUstep\bin;C:\GNUstep\bin;C:\Users\suhas\.dotnet\tools;C:\WINDOWS\system32;
USERNAME=suhas
OS=Windows_NT
PROCESSOR_IDENTIFIER=Intel64 Family 6 Model 158 Stepping 9, GenuineIntel



---------------  S Y S T E M  ---------------

OS: Windows 10.0 , 64 bit Build 18362 (10.0.18362.1350)

CPU:total 8 (initial active 8) (4 cores per cpu, 2 threads per core) family 6 model 158 stepping 9, cmov, cx8, fxsr, mmx, sse, sse2, sse3, ssse3, sse4.1, sse4.2, popcnt, avx, avx2, aes, clmul, erms, 3dnowpref, lzcnt, ht, tsc, tscinvbit, bmi1, bmi2, adx

Memory: 4k page, physical 16634020k(3489784k free), swap 27224492k(6208k free)

vm_info: Java HotSpot(TM) 64-Bit Server VM (25.251-b08) for windows-amd64 JRE (1.8.0_251-b08), built on Mar 12 2020 06:31:49 by "" with MS VC++ 10.0 (VS2010)

time: Thu Mar 18 23:42:56 2021
timezone: India Standard Time
elapsed time: 5 seconds (0d 0h 0m 5s)

